[debug] [2020-03-05T14:05:32.540Z] ----------------------------------------------------------------------
[debug] [2020-03-05T14:05:32.542Z] Command:       D:\Program files\NodeJs\node.exe C:\Users\Nhat Minh\AppData\Roaming\npm\node_modules\firebase-tools\lib\bin\firebase.js deploy --only hosting:myeasynote
[debug] [2020-03-05T14:05:32.542Z] CLI Version:   7.14.0
[debug] [2020-03-05T14:05:32.542Z] Platform:      win32
[debug] [2020-03-05T14:05:32.542Z] Node Version:  v10.16.3
[debug] [2020-03-05T14:05:32.543Z] Time:          Thu Mar 05 2020 21:05:32 GMT+0700 (Indochina Time)
[debug] [2020-03-05T14:05:32.543Z] ----------------------------------------------------------------------
[debug] [2020-03-05T14:05:32.543Z] 
[debug] [2020-03-05T14:05:32.554Z] > command requires scopes: ["email","openid","https://www.googleapis.com/auth/cloudplatformprojects.readonly","https://www.googleapis.com/auth/firebase","https://www.googleapis.com/auth/cloud-platform"]
[debug] [2020-03-05T14:05:32.555Z] > authorizing via signed-in user
[debug] [2020-03-05T14:05:32.555Z] [iam] checking project myeasynote1109 for permissions ["firebase.projects.get","firebasehosting.sites.update"]
[debug] [2020-03-05T14:05:32.558Z] >>> HTTP REQUEST POST https://cloudresourcemanager.googleapis.com/v1/projects/myeasynote1109:testIamPermissions  

[debug] [2020-03-05T14:05:34.426Z] <<< HTTP RESPONSE 200
[debug] [2020-03-05T14:05:34.429Z] >>> HTTP REQUEST GET https://firebase.googleapis.com/v1beta1/projects/myeasynote1109  
 
[debug] [2020-03-05T14:05:35.328Z] <<< HTTP RESPONSE 200
[info] 
[info] === Deploying to 'myeasynote1109'...
[info] 
[info] i  deploying hosting
[info] 
[info] +  Deploy complete!
[info] 
[info] Project Console: https://console.firebase.google.com/project/myeasynote1109/overview
[debug] [2020-03-05T14:05:35.874Z] TypeError: Cannot read property 'deploys' of undefined
    at C:\Users\Nhat Minh\AppData\Roaming\npm\node_modules\firebase-tools\lib\deploy\index.js:84:36
    at process._tickCallback (internal/process/next_tick.js:68:7)
[error] 
[error] Error: An unexpected error has occurred.
